Determining if the pthread_create exist failed with the following output:
Change Dir: /home/udesc/Downloads/Trem/build/CMakeFiles/CMakeTmp

Run Build Command:"/usr/bin/make" "cmTC_470f1/fast"
/usr/bin/make -f CMakeFiles/cmTC_470f1.dir/build.make CMakeFiles/cmTC_470f1.dir/build
make[1]: Entering directory '/home/udesc/Downloads/Trem/build/CMakeFiles/CMakeTmp'
Building C object CMakeFiles/cmTC_470f1.dir/CheckSymbolExists.c.o
/usr/bin/cc     -o CMakeFiles/cmTC_470f1.dir/CheckSymbolExists.c.o   -c /home/udesc/Downloads/Trem/build/CMakeFiles/CMakeTmp/CheckSymbolExists.c
Linking C executable cmTC_470f1
/usr/bin/cmake -E cmake_link_script CMakeFiles/cmTC_470f1.dir/link.txt --verbose=1
/usr/bin/cc       CMakeFiles/cmTC_470f1.dir/CheckSymbolExists.c.o  -o cmTC_470f1 -rdynamic 
CMakeFiles/cmTC_470f1.dir/CheckSymbolExists.c.o: na função `main':
CheckSymbolExists.c:(.text+0x16): referência indefinida para `pthread_create'
collect2: error: ld returned 1 exit status
CMakeFiles/cmTC_470f1.dir/build.make:97: recipe for target 'cmTC_470f1' failed
make[1]: *** [cmTC_470f1] Error 1
make[1]: Leaving directory '/home/udesc/Downloads/Trem/build/CMakeFiles/CMakeTmp'
Makefile:126: recipe for target 'cmTC_470f1/fast' failed
make: *** [cmTC_470f1/fast] Error 2

File /home/udesc/Downloads/Trem/build/CMakeFiles/CMakeTmp/CheckSymbolExists.c:
/* */
#include <pthread.h>

int main(int argc, char** argv)
{
  (void)argv;
#ifndef pthread_create
  return ((int*)(&pthread_create))[argc];
#else
  (void)argc;
  return 0;
#endif
}

Determining if the function pthread_create exists in the pthreads failed with the following output:
Change Dir: /home/udesc/Downloads/Trem/build/CMakeFiles/CMakeTmp

Run Build Command:"/usr/bin/make" "cmTC_15288/fast"
/usr/bin/make -f CMakeFiles/cmTC_15288.dir/build.make CMakeFiles/cmTC_15288.dir/build
make[1]: Entering directory '/home/udesc/Downloads/Trem/build/CMakeFiles/CMakeTmp'
Building C object CMakeFiles/cmTC_15288.dir/CheckFunctionExists.c.o
/usr/bin/cc    -DCHECK_FUNCTION_EXISTS=pthread_create   -o CMakeFiles/cmTC_15288.dir/CheckFunctionExists.c.o   -c /usr/share/cmake-3.5/Modules/CheckFunctionExists.c
Linking C executable cmTC_15288
/usr/bin/cmake -E cmake_link_script CMakeFiles/cmTC_15288.dir/link.txt --verbose=1
/usr/bin/cc   -DCHECK_FUNCTION_EXISTS=pthread_create    CMakeFiles/cmTC_15288.dir/CheckFunctionExists.c.o  -o cmTC_15288 -rdynamic -lpthreads 
/usr/bin/ld: não foi possível encontrar -lpthreads
collect2: error: ld returned 1 exit status
CMakeFiles/cmTC_15288.dir/build.make:97: recipe for target 'cmTC_15288' failed
make[1]: *** [cmTC_15288] Error 1
make[1]: Leaving directory '/home/udesc/Downloads/Trem/build/CMakeFiles/CMakeTmp'
Makefile:126: recipe for target 'cmTC_15288/fast' failed
make: *** [cmTC_15288/fast] Error 2


